#
# There is insufficient memory for the Java Runtime Environment to continue.
# Native memory allocation (mmap) failed to map 65536 bytes. Error detail: Failed to commit metaspace.
# Possible reasons:
#   The system is out of physical RAM or swap space
#   This process is running with CompressedOops enabled, and the Java Heap may be blocking the growth of the native heap
# Possible solutions:
#   Reduce memory load on the system
#   Increase physical memory or swap space
#   Check if swap backing store is full
#   Decrease Java heap size (-Xmx/-Xms)
#   Decrease number of Java threads
#   Decrease Java thread stack sizes (-Xss)
#   Set larger code cache with -XX:ReservedCodeCacheSize=
#   JVM is running with Unscaled Compressed Oops mode in which the Java heap is
#     placed in the first 4GB address space. The Java Heap base address is the
#     maximum limit for the native heap growth. Please use -XX:HeapBaseMinAddress
#     to set the Java Heap base and to place the Java Heap above 4GB virtual address.
# This output file may be truncated or incomplete.
#
#  Out of Memory Error (virtualSpaceNode.cpp:112), pid=14964, tid=1440
#
# JRE version: Java(TM) SE Runtime Environment (22.0.1+8) (build 22.0.1+8-16)
# Java VM: Java HotSpot(TM) 64-Bit Server VM (22.0.1+8-16, mixed mode, sharing, tiered, compressed oops, compressed class ptrs, g1 gc, windows-amd64)
# No core dump will be written. Minidumps are not enabled by default on client versions of Windows
#

---------------  S U M M A R Y ------------

Command Line: -Dfile.encoding=UTF-8 --module-path=C:\Users\shind\OneDrive\Documents\NetBeansProjects\University_Management_System\build\classes university.management.system.Splash

Host: 11th Gen Intel(R) Core(TM) i5-11260H @ 2.60GHz, 12 cores, 7G,  Windows 11 , 64 bit Build 26100 (10.0.26100.3037)
Time: Fri Mar 14 19:40:41 2025 India Standard Time elapsed time: 10.886115 seconds (0d 0h 0m 10s)

---------------  T H R E A D  ---------------

Current thread (0x000001de995c1f40):  JavaThread "C1 CompilerThread0" daemon [_thread_in_vm, id=1440, stack(0x0000000932d00000,0x0000000932e00000) (1024K)]


Current CompileTask:
C1:10886  963       3       java.security.AccessControlContext::calculateFields (89 bytes)

Stack: [0x0000000932d00000,0x0000000932e00000]
Native frames: (J=compiled Java code, j=interpreted, Vv=VM code, C=native code)
V  [jvm.dll+0x6e2279]  (no source info available)
V  [jvm.dll+0x874e33]  (no source info available)
V  [jvm.dll+0x87725e]  (no source info available)
V  [jvm.dll+0x877933]  (no source info available)
V  [jvm.dll+0x27fd76]  (no source info available)
V  [jvm.dll+0x870a7e]  (no source info available)
V  [jvm.dll+0x6852e5]  (no source info available)
V  [jvm.dll+0x68534a]  (no source info available)
V  [jvm.dll+0x687b8a]  (no source info available)
V  [jvm.dll+0x2250ac]  (no source info available)
V  [jvm.dll+0x685cfe]  (no source info available)
V  [jvm.dll+0x6973da]  (no source info available)
V  [jvm.dll+0x690262]  (no source info available)
V  [jvm.dll+0x1f1c60]  (no source info available)
V  [jvm.dll+0x1f1e48]  (no source info available)
V  [jvm.dll+0x165fde]  (no source info available)
V  [jvm.dll+0x165e26]  (no source info available)
V  [jvm.dll+0x15d70a]  (no source info available)
V  [jvm.dll+0x15f96d]  (no source info available)
V  [jvm.dll+0x15dfa5]  (no source info available)
V  [jvm.dll+0x157a2f]  (no source info available)
V  [jvm.dll+0x167a86]  (no source info available)
V  [jvm.dll+0x1530bb]  (no source info available)
V  [jvm.dll+0x153507]  (no source info available)
V  [jvm.dll+0x1538a0]  (no source info available)
V  [jvm.dll+0x152c1d]  (no source info available)
V  [jvm.dll+0x154add]  (no source info available)
V  [jvm.dll+0x2569fe]  (no source info available)
V  [jvm.dll+0x254cba]  (no source info available)
V  [jvm.dll+0x3f5336]  (no source info available)
V  [jvm.dll+0x81d44b]  (no source info available)
V  [jvm.dll+0x6e0915]  (no source info available)
C  [ucrtbase.dll+0x37b0]  (no source info available)
C  [KERNEL32.DLL+0x2e8d7]  (no source info available)
C  [ntdll.dll+0xbbf2c]  (no source info available)


---------------  P R O C E S S  ---------------

Threads class SMR info:
_java_thread_list=0x000001dedf0cc780, length=16, elements={
0x000001defa66f710, 0x000001deff9d0400, 0x000001deff9d19d0, 0x000001deff9d2fa0,
0x000001deff9d3a00, 0x000001deff9d4fd0, 0x000001deff9d85b0, 0x000001de995c0080,
0x000001de995c1f40, 0x000001deff99b550, 0x000001de99822d40, 0x000001de999b4b60,
0x000001dedf00cf80, 0x000001dedf0124d0, 0x000001dedf0a3a30, 0x000001dedf142cb0
}

Java Threads: ( => current thread )
  0x000001defa66f710 JavaThread "main"                              [_thread_blocked, id=5416, stack(0x0000000931e00000,0x0000000931f00000) (1024K)]
  0x000001deff9d0400 JavaThread "Reference Handler"          daemon [_thread_blocked, id=16412, stack(0x0000000932600000,0x0000000932700000) (1024K)]
  0x000001deff9d19d0 JavaThread "Finalizer"                  daemon [_thread_blocked, id=11364, stack(0x0000000932700000,0x0000000932800000) (1024K)]
  0x000001deff9d2fa0 JavaThread "Signal Dispatcher"          daemon [_thread_blocked, id=2472, stack(0x0000000932800000,0x0000000932900000) (1024K)]
  0x000001deff9d3a00 JavaThread "Attach Listener"            daemon [_thread_blocked, id=344, stack(0x0000000932900000,0x0000000932a00000) (1024K)]
  0x000001deff9d4fd0 JavaThread "Service Thread"             daemon [_thread_blocked, id=8620, stack(0x0000000932a00000,0x0000000932b00000) (1024K)]
  0x000001deff9d85b0 JavaThread "Monitor Deflation Thread"   daemon [_thread_blocked, id=13028, stack(0x0000000932b00000,0x0000000932c00000) (1024K)]
  0x000001de995c0080 JavaThread "C2 CompilerThread0"         daemon [_thread_blocked, id=2084, stack(0x0000000932c00000,0x0000000932d00000) (1024K)]
=>0x000001de995c1f40 JavaThread "C1 CompilerThread0"         daemon [_thread_in_vm, id=1440, stack(0x0000000932d00000,0x0000000932e00000) (1024K)]
  0x000001deff99b550 JavaThread "Common-Cleaner"             daemon [_thread_blocked, id=6428, stack(0x0000000932e00000,0x0000000932f00000) (1024K)]
  0x000001de99822d40 JavaThread "Notification Thread"        daemon [_thread_blocked, id=14576, stack(0x0000000933000000,0x0000000933100000) (1024K)]
  0x000001de999b4b60 JavaThread "Java2D Disposer"            daemon [_thread_blocked, id=6308, stack(0x0000000933100000,0x0000000933200000) (1024K)]
  0x000001dedf00cf80 JavaThread "AWT-Shutdown"                      [_thread_blocked, id=3836, stack(0x0000000933200000,0x0000000933300000) (1024K)]
  0x000001dedf0124d0 JavaThread "AWT-Windows"                daemon [_thread_in_native, id=15376, stack(0x0000000933300000,0x0000000933400000) (1024K)]
  0x000001dedf0a3a30 JavaThread "Thread-0"                          [_thread_in_vm, id=3332, stack(0x0000000933500000,0x0000000933600000) (1024K)]
  0x000001dedf142cb0 JavaThread "AWT-EventQueue-0"                  [_thread_in_vm, id=16744, stack(0x0000000933600000,0x0000000933700000) (1024K)]
Total: 16

Other Threads:
  0x000001deff9b5970 VMThread "VM Thread"                           [id=6360, stack(0x0000000932500000,0x0000000932600000) (1024K)] _threads_hazard_ptr=0x000001dedf0cc780
  0x000001deff99a9d0 WatcherThread "VM Periodic Task Thread"        [id=14752, stack(0x0000000932400000,0x0000000932500000) (1024K)]
  0x000001defa88eb00 WorkerThread "GC Thread#0"                     [id=10824, stack(0x0000000931f00000,0x0000000932000000) (1024K)]
  0x000001defa8bd2d0 ConcurrentGCThread "G1 Main Marker"            [id=16268, stack(0x0000000932000000,0x0000000932100000) (1024K)]
  0x000001defa8bf340 WorkerThread "G1 Conc#0"                       [id=13788, stack(0x0000000932100000,0x0000000932200000) (1024K)]
  0x000001deff867480 ConcurrentGCThread "G1 Refine#0"               [id=4516, stack(0x0000000932200000,0x0000000932300000) (1024K)]
  0x000001deff867cb0 ConcurrentGCThread "G1 Service"                [id=15364, stack(0x0000000932300000,0x0000000932400000) (1024K)]
Total: 7

Threads with active compile tasks:
C1 CompilerThread0  10983  963       3       java.security.AccessControlContext::calculateFields (89 bytes)
Total: 1

VM state: synchronizing (normal execution)

VM Mutex/Monitor currently owned by a thread:  ([mutex/lock_event])
[0x00007ffce35e9b38] Metaspace_lock - owner thread: 0x000001de995c1f40
[0x00007ffce35ebbb8] Threads_lock - owner thread: 0x000001deff9b5970

Heap address: 0x0000000084400000, size: 1980 MB, Compressed Oops mode: 32-bit

CDS archive(s) mapped at: [0x000001de9a000000-0x000001de9ac60000-0x000001de9ac60000), size 12976128, SharedBaseAddress: 0x000001de9a000000, ArchiveRelocationMode: 1.
Compressed class space mapped at: 0x000001de9b000000-0x000001dedb000000, reserved size: 1073741824
Narrow klass base: 0x000001de9a000000, Narrow klass shift: 0, Narrow klass range: 0x41000000

GC Precious Log:
 CardTable entry size: 512
 Card Set container configuration: InlinePtr #cards 5 size 8 Array Of Cards #cards 12 size 40 Howl #buckets 4 coarsen threshold 1843 Howl Bitmap #cards 512 size 80 coarsen threshold 460 Card regions per heap region 1 cards per card region 2048
 CPUs: 12 total, 12 available
 Memory: 7914M
 Large Page Support: Disabled
 NUMA Support: Disabled
 Compressed Oops: Enabled (32-bit)
 Heap Region Size: 1M
 Heap Min Capacity: 8M
 Heap Initial Capacity: 124M
 Heap Max Capacity: 1980M
 Pre-touch: Disabled
 Parallel Workers: 10
 Concurrent Workers: 3
 Concurrent Refinement Workers: 10
 Periodic GC: Disabled

Heap:
 garbage-first heap   total reserved 2027520K, committed 126976K, used 23552K [0x0000000084400000, 0x0000000100000000)
  region size 1024K, 16 young (16384K), 0 survivors (0K)
 Metaspace       used 7157K, committed 7296K, reserved 1114112K
  class space    used 809K, committed 896K, reserved 1048576K

Heap Regions: E=young(eden), S=young(survivor), O=old, HS=humongous(starts), HC=humongous(continues), CS=collection set, F=free, TAMS=top-at-mark-start, PB=parsable bottom
|   0|0x0000000084400000, 0x0000000084500000, 0x0000000084500000|100%|HS|  |TAMS 0x0000000084400000| PB 0x0000000084400000| Complete |  0
|   1|0x0000000084500000, 0x0000000084600000, 0x0000000084600000|100%|HC|  |TAMS 0x0000000084500000| PB 0x0000000084500000| Complete |  0
|   2|0x0000000084600000, 0x0000000084700000, 0x0000000084700000|100%|HC|  |TAMS 0x0000000084600000| PB 0x0000000084600000| Complete |  0
|   3|0x0000000084700000, 0x0000000084800000, 0x0000000084800000|100%|HC|  |TAMS 0x0000000084700000| PB 0x0000000084700000| Complete |  0
|   4|0x0000000084800000, 0x0000000084900000, 0x0000000084900000|100%|HC|  |TAMS 0x0000000084800000| PB 0x0000000084800000| Complete |  0
|   5|0x0000000084900000, 0x0000000084a00000, 0x0000000084a00000|100%|HS|  |TAMS 0x0000000084900000| PB 0x0000000084900000| Complete |  0
|   6|0x0000000084a00000, 0x0000000084b00000, 0x0000000084b00000|100%|HC|  |TAMS 0x0000000084a00000| PB 0x0000000084a00000| Complete |  0
|   7|0x0000000084b00000, 0x0000000084c00000, 0x0000000084c00000|100%|HC|  |TAMS 0x0000000084b00000| PB 0x0000000084b00000| Complete |  0
|   8|0x0000000084c00000, 0x0000000084c00000, 0x0000000084d00000|  0%| F|  |TAMS 0x0000000084c00000| PB 0x0000000084c00000| Untracked |  0
|   9|0x0000000084d00000, 0x0000000084d00000, 0x0000000084e00000|  0%| F|  |TAMS 0x0000000084d00000| PB 0x0000000084d00000| Untracked |  0
|  10|0x0000000084e00000, 0x0000000084e00000, 0x0000000084f00000|  0%| F|  |TAMS 0x0000000084e00000| PB 0x0000000084e00000| Untracked |  0
|  11|0x0000000084f00000, 0x0000000084f00000, 0x0000000085000000|  0%| F|  |TAMS 0x0000000084f00000| PB 0x0000000084f00000| Untracked |  0
|  12|0x0000000085000000, 0x0000000085000000, 0x0000000085100000|  0%| F|  |TAMS 0x0000000085000000| PB 0x0000000085000000| Untracked |  0
|  13|0x0000000085100000, 0x0000000085100000, 0x0000000085200000|  0%| F|  |TAMS 0x0000000085100000| PB 0x0000000085100000| Untracked |  0
|  14|0x0000000085200000, 0x0000000085200000, 0x0000000085300000|  0%| F|  |TAMS 0x0000000085200000| PB 0x0000000085200000| Untracked |  0
|  15|0x0000000085300000, 0x0000000085300000, 0x0000000085400000|  0%| F|  |TAMS 0x0000000085300000| PB 0x0000000085300000| Untracked |  0
|  16|0x0000000085400000, 0x0000000085400000, 0x0000000085500000|  0%| F|  |TAMS 0x0000000085400000| PB 0x0000000085400000| Untracked |  0
|  17|0x0000000085500000, 0x0000000085500000, 0x0000000085600000|  0%| F|  |TAMS 0x0000000085500000| PB 0x0000000085500000| Untracked |  0
|  18|0x0000000085600000, 0x0000000085600000, 0x0000000085700000|  0%| F|  |TAMS 0x0000000085600000| PB 0x0000000085600000| Untracked |  0
|  19|0x0000000085700000, 0x0000000085700000, 0x0000000085800000|  0%| F|  |TAMS 0x0000000085700000| PB 0x0000000085700000| Untracked |  0
|  20|0x0000000085800000, 0x0000000085800000, 0x0000000085900000|  0%| F|  |TAMS 0x0000000085800000| PB 0x0000000085800000| Untracked |  0
|  21|0x0000000085900000, 0x0000000085900000, 0x0000000085a00000|  0%| F|  |TAMS 0x0000000085900000| PB 0x0000000085900000| Untracked |  0
|  22|0x0000000085a00000, 0x0000000085a00000, 0x0000000085b00000|  0%| F|  |TAMS 0x0000000085a00000| PB 0x0000000085a00000| Untracked |  0
|  23|0x0000000085b00000, 0x0000000085b00000, 0x0000000085c00000|  0%| F|  |TAMS 0x0000000085b00000| PB 0x0000000085b00000| Untracked |  0
|  24|0x0000000085c00000, 0x0000000085c00000, 0x0000000085d00000|  0%| F|  |TAMS 0x0000000085c00000| PB 0x0000000085c00000| Untracked |  0
|  25|0x0000000085d00000, 0x0000000085d00000, 0x0000000085e00000|  0%| F|  |TAMS 0x0000000085d00000| PB 0x0000000085d00000| Untracked |  0
|  26|0x0000000085e00000, 0x0000000085e00000, 0x0000000085f00000|  0%| F|  |TAMS 0x0000000085e00000| PB 0x0000000085e00000| Untracked |  0
|  27|0x0000000085f00000, 0x0000000085f00000, 0x0000000086000000|  0%| F|  |TAMS 0x0000000085f00000| PB 0x0000000085f00000| Untracked |  0
|  28|0x0000000086000000, 0x0000000086000000, 0x0000000086100000|  0%| F|  |TAMS 0x0000000086000000| PB 0x0000000086000000| Untracked |  0
|  29|0x0000000086100000, 0x0000000086100000, 0x0000000086200000|  0%| F|  |TAMS 0x0000000086100000| PB 0x0000000086100000| Untracked |  0
|  30|0x0000000086200000, 0x0000000086200000, 0x0000000086300000|  0%| F|  |TAMS 0x0000000086200000| PB 0x0000000086200000| Untracked |  0
|  31|0x0000000086300000, 0x0000000086300000, 0x0000000086400000|  0%| F|  |TAMS 0x0000000086300000| PB 0x0000000086300000| Untracked |  0
|  32|0x0000000086400000, 0x0000000086400000, 0x0000000086500000|  0%| F|  |TAMS 0x0000000086400000| PB 0x0000000086400000| Untracked |  0
|  33|0x0000000086500000, 0x0000000086500000, 0x0000000086600000|  0%| F|  |TAMS 0x0000000086500000| PB 0x0000000086500000| Untracked |  0
|  34|0x0000000086600000, 0x0000000086600000, 0x0000000086700000|  0%| F|  |TAMS 0x0000000086600000| PB 0x0000000086600000| Untracked |  0
|  35|0x0000000086700000, 0x0000000086700000, 0x0000000086800000|  0%| F|  |TAMS 0x0000000086700000| PB 0x0000000086700000| Untracked |  0
|  36|0x0000000086800000, 0x0000000086800000, 0x0000000086900000|  0%| F|  |TAMS 0x0000000086800000| PB 0x0000000086800000| Untracked |  0
|  37|0x0000000086900000, 0x0000000086900000, 0x0000000086a00000|  0%| F|  |TAMS 0x0000000086900000| PB 0x0000000086900000| Untracked |  0
|  38|0x0000000086a00000, 0x0000000086a00000, 0x0000000086b00000|  0%| F|  |TAMS 0x0000000086a00000| PB 0x0000000086a00000| Untracked |  0
|  39|0x0000000086b00000, 0x0000000086b00000, 0x0000000086c00000|  0%| F|  |TAMS 0x0000000086b00000| PB 0x0000000086b00000| Untracked |  0
|  40|0x0000000086c00000, 0x0000000086c00000, 0x0000000086d00000|  0%| F|  |TAMS 0x0000000086c00000| PB 0x0000000086c00000| Untracked |  0
|  41|0x0000000086d00000, 0x0000000086d00000, 0x0000000086e00000|  0%| F|  |TAMS 0x0000000086d00000| PB 0x0000000086d00000| Untracked |  0
|  42|0x0000000086e00000, 0x0000000086e00000, 0x0000000086f00000|  0%| F|  |TAMS 0x0000000086e00000| PB 0x0000000086e00000| Untracked |  0
|  43|0x0000000086f00000, 0x0000000086f00000, 0x0000000087000000|  0%| F|  |TAMS 0x0000000086f00000| PB 0x0000000086f00000| Untracked |  0
|  44|0x0000000087000000, 0x0000000087000000, 0x0000000087100000|  0%| F|  |TAMS 0x0000000087000000| PB 0x0000000087000000| Untracked |  0
|  45|0x0000000087100000, 0x0000000087100000, 0x0000000087200000|  0%| F|  |TAMS 0x0000000087100000| PB 0x0000000087100000| Untracked |  0
|  46|0x0000000087200000, 0x0000000087200000, 0x0000000087300000|  0%| F|  |TAMS 0x0000000087200000| PB 0x0000000087200000| Untracked |  0
|  47|0x0000000087300000, 0x0000000087300000, 0x0000000087400000|  0%| F|  |TAMS 0x0000000087300000| PB 0x0000000087300000| Untracked |  0
|  48|0x0000000087400000, 0x0000000087400000, 0x0000000087500000|  0%| F|  |TAMS 0x0000000087400000| PB 0x0000000087400000| Untracked |  0
|  49|0x0000000087500000, 0x0000000087500000, 0x0000000087600000|  0%| F|  |TAMS 0x0000000087500000| PB 0x0000000087500000| Untracked |  0
|  50|0x0000000087600000, 0x0000000087600000, 0x0000000087700000|  0%| F|  |TAMS 0x0000000087600000| PB 0x0000000087600000| Untracked |  0
|  51|0x0000000087700000, 0x0000000087700000, 0x0000000087800000|  0%| F|  |TAMS 0x0000000087700000| PB 0x0000000087700000| Untracked |  0
|  52|0x0000000087800000, 0x0000000087800000, 0x0000000087900000|  0%| F|  |TAMS 0x0000000087800000| PB 0x0000000087800000| Untracked |  0
|  53|0x0000000087900000, 0x0000000087900000, 0x0000000087a00000|  0%| F|  |TAMS 0x0000000087900000| PB 0x0000000087900000| Untracked |  0
|  54|0x0000000087a00000, 0x0000000087a00000, 0x0000000087b00000|  0%| F|  |TAMS 0x0000000087a00000| PB 0x0000000087a00000| Untracked |  0
|  55|0x0000000087b00000, 0x0000000087b00000, 0x0000000087c00000|  0%| F|  |TAMS 0x0000000087b00000| PB 0x0000000087b00000| Untracked |  0
|  56|0x0000000087c00000, 0x0000000087c00000, 0x0000000087d00000|  0%| F|  |TAMS 0x0000000087c00000| PB 0x0000000087c00000| Untracked |  0
|  57|0x0000000087d00000, 0x0000000087d00000, 0x0000000087e00000|  0%| F|  |TAMS 0x0000000087d00000| PB 0x0000000087d00000| Untracked |  0
|  58|0x0000000087e00000, 0x0000000087e00000, 0x0000000087f00000|  0%| F|  |TAMS 0x0000000087e00000| PB 0x0000000087e00000| Untracked |  0
|  59|0x0000000087f00000, 0x0000000087f00000, 0x0000000088000000|  0%| F|  |TAMS 0x0000000087f00000| PB 0x0000000087f00000| Untracked |  0
|  60|0x0000000088000000, 0x0000000088000000, 0x0000000088100000|  0%| F|  |TAMS 0x0000000088000000| PB 0x0000000088000000| Untracked |  0
|  61|0x0000000088100000, 0x0000000088100000, 0x0000000088200000|  0%| F|  |TAMS 0x0000000088100000| PB 0x0000000088100000| Untracked |  0
|  62|0x0000000088200000, 0x0000000088200000, 0x0000000088300000|  0%| F|  |TAMS 0x0000000088200000| PB 0x0000000088200000| Untracked |  0
|  63|0x0000000088300000, 0x0000000088300000, 0x0000000088400000|  0%| F|  |TAMS 0x0000000088300000| PB 0x0000000088300000| Untracked |  0
|  64|0x0000000088400000, 0x0000000088400000, 0x0000000088500000|  0%| F|  |TAMS 0x0000000088400000| PB 0x0000000088400000| Untracked |  0
|  65|0x0000000088500000, 0x0000000088500000, 0x0000000088600000|  0%| F|  |TAMS 0x0000000088500000| PB 0x0000000088500000| Untracked |  0
|  66|0x0000000088600000, 0x0000000088600000, 0x0000000088700000|  0%| F|  |TAMS 0x0000000088600000| PB 0x0000000088600000| Untracked |  0
|  67|0x0000000088700000, 0x0000000088700000, 0x0000000088800000|  0%| F|  |TAMS 0x0000000088700000| PB 0x0000000088700000| Untracked |  0
|  68|0x0000000088800000, 0x0000000088800000, 0x0000000088900000|  0%| F|  |TAMS 0x0000000088800000| PB 0x0000000088800000| Untracked |  0
|  69|0x0000000088900000, 0x0000000088900000, 0x0000000088a00000|  0%| F|  |TAMS 0x0000000088900000| PB 0x0000000088900000| Untracked |  0
|  70|0x0000000088a00000, 0x0000000088a00000, 0x0000000088b00000|  0%| F|  |TAMS 0x0000000088a00000| PB 0x0000000088a00000| Untracked |  0
|  71|0x0000000088b00000, 0x0000000088b00000, 0x0000000088c00000|  0%| F|  |TAMS 0x0000000088b00000| PB 0x0000000088b00000| Untracked |  0
|  72|0x0000000088c00000, 0x0000000088c00000, 0x0000000088d00000|  0%| F|  |TAMS 0x0000000088c00000| PB 0x0000000088c00000| Untracked |  0
|  73|0x0000000088d00000, 0x0000000088d00000, 0x0000000088e00000|  0%| F|  |TAMS 0x0000000088d00000| PB 0x0000000088d00000| Untracked |  0
|  74|0x0000000088e00000, 0x0000000088e00000, 0x0000000088f00000|  0%| F|  |TAMS 0x0000000088e00000| PB 0x0000000088e00000| Untracked |  0
|  75|0x0000000088f00000, 0x0000000088f00000, 0x0000000089000000|  0%| F|  |TAMS 0x0000000088f00000| PB 0x0000000088f00000| Untracked |  0
|  76|0x0000000089000000, 0x0000000089000000, 0x0000000089100000|  0%| F|  |TAMS 0x0000000089000000| PB 0x0000000089000000| Untracked |  0
|  77|0x0000000089100000, 0x0000000089100000, 0x0000000089200000|  0%| F|  |TAMS 0x0000000089100000| PB 0x0000000089100000| Untracked |  0
|  78|0x0000000089200000, 0x0000000089200000, 0x0000000089300000|  0%| F|  |TAMS 0x0000000089200000| PB 0x0000000089200000| Untracked |  0
|  79|0x0000000089300000, 0x0000000089300000, 0x0000000089400000|  0%| F|  |TAMS 0x0000000089300000| PB 0x0000000089300000| Untracked |  0
|  80|0x0000000089400000, 0x0000000089400000, 0x0000000089500000|  0%| F|  |TAMS 0x0000000089400000| PB 0x0000000089400000| Untracked |  0
|  81|0x0000000089500000, 0x0000000089500000, 0x0000000089600000|  0%| F|  |TAMS 0x0000000089500000| PB 0x0000000089500000| Untracked |  0
|  82|0x0000000089600000, 0x0000000089600000, 0x0000000089700000|  0%| F|  |TAMS 0x0000000089600000| PB 0x0000000089600000| Untracked |  0
|  83|0x0000000089700000, 0x0000000089700000, 0x0000000089800000|  0%| F|  |TAMS 0x0000000089700000| PB 0x0000000089700000| Untracked |  0
|  84|0x0000000089800000, 0x0000000089800000, 0x0000000089900000|  0%| F|  |TAMS 0x0000000089800000| PB 0x0000000089800000| Untracked |  0
|  85|0x0000000089900000, 0x0000000089900000, 0x0000000089a00000|  0%| F|  |TAMS 0x0000000089900000| PB 0x0000000089900000| Untracked |  0
|  86|0x0000000089a00000, 0x0000000089a00000, 0x0000000089b00000|  0%| F|  |TAMS 0x0000000089a00000| PB 0x0000000089a00000| Untracked |  0
|  87|0x0000000089b00000, 0x0000000089b00000, 0x0000000089c00000|  0%| F|  |TAMS 0x0000000089b00000| PB 0x0000000089b00000| Untracked |  0
|  88|0x0000000089c00000, 0x0000000089c00000, 0x0000000089d00000|  0%| F|  |TAMS 0x0000000089c00000| PB 0x0000000089c00000| Untracked |  0
|  89|0x0000000089d00000, 0x0000000089d00000, 0x0000000089e00000|  0%| F|  |TAMS 0x0000000089d00000| PB 0x0000000089d00000| Untracked |  0
|  90|0x0000000089e00000, 0x0000000089e00000, 0x0000000089f00000|  0%| F|  |TAMS 0x0000000089e00000| PB 0x0000000089e00000| Untracked |  0
|  91|0x0000000089f00000, 0x0000000089f00000, 0x000000008a000000|  0%| F|  |TAMS 0x0000000089f00000| PB 0x0000000089f00000| Untracked |  0
|  92|0x000000008a000000, 0x000000008a000000, 0x000000008a100000|  0%| F|  |TAMS 0x000000008a000000| PB 0x000000008a000000| Untracked |  0
|  93|0x000000008a100000, 0x000000008a100000, 0x000000008a200000|  0%| F|  |TAMS 0x000000008a100000| PB 0x000000008a100000| Untracked |  0
|  94|0x000000008a200000, 0x000000008a200000, 0x000000008a300000|  0%| F|  |TAMS 0x000000008a200000| PB 0x000000008a200000| Untracked |  0
|  95|0x000000008a300000, 0x000000008a300000, 0x000000008a400000|  0%| F|  |TAMS 0x000000008a300000| PB 0x000000008a300000| Untracked |  0
|  96|0x000000008a400000, 0x000000008a400000, 0x000000008a500000|  0%| F|  |TAMS 0x000000008a400000| PB 0x000000008a400000| Untracked |  0
|  97|0x000000008a500000, 0x000000008a500000, 0x000000008a600000|  0%| F|  |TAMS 0x000000008a500000| PB 0x000000008a500000| Untracked |  0
|  98|0x000000008a600000, 0x000000008a600000, 0x000000008a700000|  0%| F|  |TAMS 0x000000008a600000| PB 0x000000008a600000| Untracked |  0
|  99|0x000000008a700000, 0x000000008a700000, 0x000000008a800000|  0%| F|  |TAMS 0x000000008a700000| PB 0x000000008a700000| Untracked |  0
| 100|0x000000008a800000, 0x000000008a800000, 0x000000008a900000|  0%| F|  |TAMS 0x000000008a800000| PB 0x000000008a800000| Untracked |  0
| 101|0x000000008a900000, 0x000000008a900000, 0x000000008aa00000|  0%| F|  |TAMS 0x000000008a900000| PB 0x000000008a900000| Untracked |  0
| 102|0x000000008aa00000, 0x000000008aa00000, 0x000000008ab00000|  0%| F|  |TAMS 0x000000008aa00000| PB 0x000000008aa00000| Untracked |  0
| 103|0x000000008ab00000, 0x000000008ab00000, 0x000000008ac00000|  0%| F|  |TAMS 0x000000008ab00000| PB 0x000000008ab00000| Untracked |  0
| 104|0x000000008ac00000, 0x000000008ac00000, 0x000000008ad00000|  0%| F|  |TAMS 0x000000008ac00000| PB 0x000000008ac00000| Untracked |  0
| 105|0x000000008ad00000, 0x000000008ad00000, 0x000000008ae00000|  0%| F|  |TAMS 0x000000008ad00000| PB 0x000000008ad00000| Untracked |  0
| 106|0x000000008ae00000, 0x000000008ae00000, 0x000000008af00000|  0%| F|  |TAMS 0x000000008ae00000| PB 0x000000008ae00000| Untracked |  0
| 107|0x000000008af00000, 0x000000008af00000, 0x000000008b000000|  0%| F|  |TAMS 0x000000008af00000| PB 0x000000008af00000| Untracked |  0
| 108|0x000000008b000000, 0x000000008b0f60a0, 0x000000008b100000| 96%| E|  |TAMS 0x000000008b000000| PB 0x000000008b000000| Complete |  0
| 109|0x000000008b100000, 0x000000008b200000, 0x000000008b200000|100%| E|CS|TAMS 0x000000008b100000| PB 0x000000008b100000| Complete |  0
| 110|0x000000008b200000, 0x000000008b300000, 0x000000008b300000|100%| E|CS|TAMS 0x000000008b200000| PB 0x000000008b200000| Complete |  0
| 111|0x000000008b300000, 0x000000008b400000, 0x000000008b400000|100%| E|CS|TAMS 0x000000008b300000| PB 0x000000008b300000| Complete |  0
| 112|0x000000008b400000, 0x000000008b500000, 0x000000008b500000|100%| E|CS|TAMS 0x000000008b400000| PB 0x000000008b400000| Complete |  0
| 113|0x000000008b500000, 0x000000008b600000, 0x000000008b600000|100%| E|CS|TAMS 0x000000008b500000| PB 0x000000008b500000| Complete |  0
| 114|0x000000008b600000, 0x000000008b700000, 0x000000008b700000|100%| E|CS|TAMS 0x000000008b600000| PB 0x000000008b600000| Complete |  0
| 115|0x000000008b700000, 0x000000008b800000, 0x000000008b800000|100%| E|CS|TAMS 0x000000008b700000| PB 0x000000008b700000| Complete |  0
| 116|0x000000008b800000, 0x000000008b900000, 0x000000008b900000|100%| E|CS|TAMS 0x000000008b800000| PB 0x000000008b800000| Complete |  0
| 117|0x000000008b900000, 0x000000008ba00000, 0x000000008ba00000|100%| E|CS|TAMS 0x000000008b900000| PB 0x000000008b900000| Complete |  0
| 118|0x000000008ba00000, 0x000000008bb00000, 0x000000008bb00000|100%| E|CS|TAMS 0x000000008ba00000| PB 0x000000008ba00000| Complete |  0
| 119|0x000000008bb00000, 0x000000008bc00000, 0x000000008bc00000|100%| E|CS|TAMS 0x000000008bb00000| PB 0x000000008bb00000| Complete |  0
| 120|0x000000008bc00000, 0x000000008bd00000, 0x000000008bd00000|100%| E|CS|TAMS 0x000000008bc00000| PB 0x000000008bc00000| Complete |  0
| 121|0x000000008bd00000, 0x000000008be00000, 0x000000008be00000|100%| E|CS|TAMS 0x000000008bd00000| PB 0x000000008bd00000| Complete |  0
| 122|0x000000008be00000, 0x000000008bf00000, 0x000000008bf00000|100%| E|CS|TAMS 0x000000008be00000| PB 0x000000008be00000| Complete |  0
| 123|0x000000008bf00000, 0x000000008c000000, 0x000000008c000000|100%| E|CS|TAMS 0x000000008bf00000| PB 0x000000008bf00000| Complete |  0

Card table byte_map: [0x000001defd160000,0x000001defd540000] _byte_map_base: 0x000001defcd3e000

Marking Bits: (CMBitMap*) 0x000001defa88f120
 Bits: [0x000001defd540000, 0x000001deff430000)

Polling page: 0x000001defa900000

Metaspace:

Usage:
  Non-class:      6.20 MB used.
      Class:    809.26 KB used.
       Both:      6.99 MB used.

Virtual space:
  Non-class space:       64.00 MB reserved,       6.25 MB ( 10%) committed,  1 nodes.
      Class space:        1.00 GB reserved,     896.00 KB ( <1%) committed,  1 nodes.
             Both:        1.06 GB reserved,       7.12 MB ( <1%) committed. 

Chunk freelists:
   Non-Class:  9.00 MB
       Class:  15.10 MB
        Both:  24.10 MB

MaxMetaspaceSize: unlimited
CompressedClassSpaceSize: 1.00 GB
Initial GC threshold: 21.00 MB
Current GC threshold: 21.00 MB
CDS: on
 - commit_granule_bytes: 65536.
 - commit_granule_words: 8192.
 - virtual_space_node_default_size: 8388608.
 - enlarge_chunks_in_place: 1.
 - use_allocation_guard: 0.


Internal statistics:

num_allocs_failed_limit: 0.
num_arena_births: 152.
num_arena_deaths: 0.
num_vsnodes_births: 2.
num_vsnodes_deaths: 0.
num_space_committed: 114.
num_space_uncommitted: 0.
num_chunks_returned_to_freelist: 0.
num_chunks_taken_from_freelist: 193.
num_chunk_merges: 0.
num_chunk_splits: 111.
num_chunks_enlarged: 42.
num_inconsistent_stats: 0.

CodeHeap 'non-profiled nmethods': size=120000Kb used=283Kb max_used=283Kb free=119716Kb
 bounds [0x000001de8fd50000, 0x000001de8ffc0000, 0x000001de97280000]
CodeHeap 'profiled nmethods': size=120000Kb used=1428Kb max_used=1428Kb free=118571Kb
 bounds [0x000001de88280000, 0x000001de884f0000, 0x000001de8f7b0000]
CodeHeap 'non-nmethods': size=5760Kb used=1720Kb max_used=1734Kb free=4039Kb
 bounds [0x000001de8f7b0000, 0x000001de8fa20000, 0x000001de8fd50000]
 total_blobs=1575 nmethods=964 adapters=516
 compilation: enabled
              stopped_count=0, restarted_count=0
 full_count=0

Compilation events (20 events):
Event: 8.110 Thread 0x000001de995c1f40 nmethod 955 0x000001de8fd96390 code [0x000001de8fd96520, 0x000001de8fd965e8]
Event: 8.844 Thread 0x000001de995c1f40  956  s    3       java.awt.KeyboardFocusManager::getCurrentKeyboardFocusManager (32 bytes)
Event: 8.844 Thread 0x000001de995c1f40 nmethod 956 0x000001de883e2690 code [0x000001de883e2860, 0x000001de883e2c60]
Event: 8.845 Thread 0x000001de995c1f40  957       3       java.awt.KeyboardFocusManager::getCurrentKeyboardFocusManager (7 bytes)
Event: 8.846 Thread 0x000001de995c1f40 nmethod 957 0x000001de883e2d90 code [0x000001de883e2f80, 0x000001de883e3440]
Event: 8.848 Thread 0x000001de995c1f40  958       3       java.security.AccessControlContext::combine (205 bytes)
Event: 8.849 Thread 0x000001de995c1f40 nmethod 958 0x000001de883e3690 code [0x000001de883e38c0, 0x000001de883e4390]
Event: 8.870 Thread 0x000001de995c1f40  959       3       java.awt.Component::setBoundsOp (51 bytes)
Event: 8.871 Thread 0x000001de995c1f40 nmethod 959 0x000001de883e4690 code [0x000001de883e4840, 0x000001de883e4a08]
Event: 8.873 Thread 0x000001de995c1f40  960       3       java.util.ArrayList$Itr::<init> (26 bytes)
Event: 8.873 Thread 0x000001de995c1f40 nmethod 960 0x000001de883e4a90 code [0x000001de883e4c40, 0x000001de883e4e18]
Event: 8.873 Thread 0x000001de995c1f40  961       1       java.awt.Component::getObjectLock (5 bytes)
Event: 8.873 Thread 0x000001de995c1f40 nmethod 961 0x000001de8fd96690 code [0x000001de8fd96820, 0x000001de8fd968f0]
Event: 8.876 Thread 0x000001de995c1f40  962       3       java.util.AbstractList::<init> (10 bytes)
Event: 8.876 Thread 0x000001de995c1f40 nmethod 962 0x000001de883e4f10 code [0x000001de883e50c0, 0x000001de883e5290]
Event: 8.883 Thread 0x000001de995c1f40  963       3       java.security.AccessControlContext::calculateFields (89 bytes)
Event: 9.098 Thread 0x000001de995c0080  968       4       java.awt.Component::getTreeLock (4 bytes)
Event: 9.098 Thread 0x000001de995c0080 nmethod 968 0x000001de8fd96990 code [0x000001de8fd96b00, 0x000001de8fd96b90]
Event: 9.111 Thread 0x000001de995c0080  971       4       jdk.internal.logger.SurrogateLogger::defaultPlatformLevel (4 bytes)
Event: 9.112 Thread 0x000001de995c0080 nmethod 971 0x000001de8fd96c90 code [0x000001de8fd96e00, 0x000001de8fd96e90]

GC Heap History (0 events):
No events

Dll operation events (10 events):
Event: 0.017 Loaded shared library C:\Program Files\Java\jdk-22\bin\java.dll
Event: 0.622 Loaded shared library C:\Program Files\Java\jdk-22\bin\jsvml.dll
Event: 0.660 Loaded shared library C:\Program Files\Java\jdk-22\bin\net.dll
Event: 0.663 Loaded shared library C:\Program Files\Java\jdk-22\bin\nio.dll
Event: 0.691 Loaded shared library C:\Program Files\Java\jdk-22\bin\zip.dll
Event: 0.707 Loaded shared library C:\Program Files\Java\jdk-22\bin\jimage.dll
Event: 0.730 Loaded shared library C:\Program Files\Java\jdk-22\bin\awt.dll
Event: 1.034 Loaded shared library C:\Program Files\Java\jdk-22\bin\javajpeg.dll
Event: 2.172 Loaded shared library C:\Program Files\Java\jdk-22\bin\freetype.dll
Event: 2.173 Loaded shared library C:\Program Files\Java\jdk-22\bin\fontmanager.dll

Deoptimization events (20 events):
Event: 1.087 Thread 0x000001dedf057a20 DEOPT PACKING pc=0x000001de883aead8 sp=0x00000009334fe360
Event: 1.087 Thread 0x000001dedf057a20 DEOPT UNPACKING pc=0x000001de8f8088e2 sp=0x00000009334fd7f0 mode 0
Event: 1.087 Thread 0x000001dedf057a20 DEOPT PACKING pc=0x000001de883aead8 sp=0x00000009334fe360
Event: 1.087 Thread 0x000001dedf057a20 DEOPT UNPACKING pc=0x000001de8f8088e2 sp=0x00000009334fd7f0 mode 0
Event: 1.088 Thread 0x000001dedf057a20 DEOPT PACKING pc=0x000001de883aead8 sp=0x00000009334fe360
Event: 1.088 Thread 0x000001dedf057a20 DEOPT UNPACKING pc=0x000001de8f8088e2 sp=0x00000009334fd7f0 mode 0
Event: 1.088 Thread 0x000001dedf057a20 DEOPT PACKING pc=0x000001de883aead8 sp=0x00000009334fe360
Event: 1.088 Thread 0x000001dedf057a20 DEOPT UNPACKING pc=0x000001de8f8088e2 sp=0x00000009334fd7f0 mode 0
Event: 1.088 Thread 0x000001dedf057a20 DEOPT PACKING pc=0x000001de883aead8 sp=0x00000009334fe360
Event: 1.088 Thread 0x000001dedf057a20 DEOPT UNPACKING pc=0x000001de8f8088e2 sp=0x00000009334fd7f0 mode 0
Event: 2.181 Thread 0x000001defa66f710 Uncommon trap: trap_request=0xffffff45 fr.pc=0x000001de8fd8221c relative=0x00000000000001fc
Event: 2.181 Thread 0x000001defa66f710 Uncommon trap: reason=unstable_if action=reinterpret pc=0x000001de8fd8221c method=java.lang.StringUTF16.compress([CI[BII)I @ 20 c2
Event: 2.181 Thread 0x000001defa66f710 DEOPT PACKING pc=0x000001de8fd8221c sp=0x0000000931efdd40
Event: 2.181 Thread 0x000001defa66f710 DEOPT UNPACKING pc=0x000001de8f807da2 sp=0x0000000931efdcb0 mode 2
Event: 2.196 Thread 0x000001defa66f710 DEOPT PACKING pc=0x000001de8828cffc sp=0x0000000931efcd10
Event: 2.196 Thread 0x000001defa66f710 DEOPT UNPACKING pc=0x000001de8f8088e2 sp=0x0000000931efc130 mode 0
Event: 6.718 Thread 0x000001dedf142cb0 Uncommon trap: trap_request=0xffffffde fr.pc=0x000001de8fd8e8dc relative=0x000000000000027c
Event: 6.718 Thread 0x000001dedf142cb0 Uncommon trap: reason=class_check action=maybe_recompile pc=0x000001de8fd8e8dc method=java.util.HashMap.getNode(Ljava/lang/Object;)Ljava/util/HashMap$Node; @ 63 c2
Event: 6.718 Thread 0x000001dedf142cb0 DEOPT PACKING pc=0x000001de8fd8e8dc sp=0x00000009336fd860
Event: 6.718 Thread 0x000001dedf142cb0 DEOPT UNPACKING pc=0x000001de8f807da2 sp=0x00000009336fd7c8 mode 2

Classes loaded (20 events):
Event: 8.882 Loading class javax/swing/text/DefaultEditorKit$EndLineDownAction done
Event: 8.883 Loading class javax/swing/text/DefaultEditorKit$BeginParagraphAction
Event: 8.883 Loading class javax/swing/text/DefaultEditorKit$BeginParagraphAction done
Event: 8.883 Loading class javax/swing/text/DefaultEditorKit$EndParagraphAction
Event: 8.883 Loading class javax/swing/text/DefaultEditorKit$EndParagraphAction done
Event: 8.883 Loading class javax/swing/text/DefaultEditorKit$BeginAction
Event: 8.883 Loading class javax/swing/text/DefaultEditorKit$BeginAction done
Event: 8.883 Loading class javax/swing/text/DefaultEditorKit$EndAction
Event: 8.883 Loading class javax/swing/text/DefaultEditorKit$EndAction done
Event: 8.883 Loading class javax/swing/text/DefaultEditorKit$DefaultKeyTypedAction
Event: 8.883 Loading class javax/swing/text/DefaultEditorKit$DefaultKeyTypedAction done
Event: 8.883 Loading class javax/swing/text/DefaultEditorKit$InsertTabAction
Event: 8.883 Loading class javax/swing/text/DefaultEditorKit$InsertTabAction done
Event: 8.883 Loading class javax/swing/text/DefaultEditorKit$SelectWordAction
Event: 8.883 Loading class javax/swing/text/DefaultEditorKit$SelectWordAction done
Event: 8.883 Loading class javax/swing/text/DefaultEditorKit$SelectLineAction
Event: 8.883 Loading class javax/swing/text/DefaultEditorKit$SelectLineAction done
Event: 8.883 Loading class javax/swing/text/DefaultEditorKit$SelectParagraphAction
Event: 8.883 Loading class javax/swing/text/DefaultEditorKit$SelectParagraphAction done
Event: 8.883 Loading class javax/swing/text/DefaultEditorKit$SelectAllAction

Classes unloaded (0 events):
No events

Classes redefined (0 events):
No events

Internal exceptions (16 events):
Event: 0.664 Thread 0x000001defa66f710 Exception <a 'sun/nio/fs/WindowsException'{0x000000008bebd550}> (0x000000008bebd550) 
thrown [s\open\src\hotspot\share\prims\jni.cpp, line 520]
Event: 0.666 Thread 0x000001defa66f710 Exception <a 'sun/nio/fs/WindowsException'{0x000000008bebfcb8}> (0x000000008bebfcb8) 
thrown [s\open\src\hotspot\share\prims\jni.cpp, line 520]
Event: 0.666 Thread 0x000001defa66f710 Exception <a 'sun/nio/fs/WindowsException'{0x000000008bec0dc8}> (0x000000008bec0dc8) 
thrown [s\open\src\hotspot\share\prims\jni.cpp, line 520]
Event: 0.713 Thread 0x000001defa66f710 Exception <a 'java/lang/ClassNotFoundException'{0x000000008bd952b8}: sun/awt/resources/spi/awtProvider> (0x000000008bd952b8) 
thrown [s\open\src\hotspot\share\classfile\systemDictionary.cpp, line 313]
Event: 0.746 Thread 0x000001defa66f710 Exception <a 'java/io/FileNotFoundException'{0x000000008bde8ec8}> (0x000000008bde8ec8) 
thrown [s\open\src\hotspot\share\prims\jni.cpp, line 520]
Event: 0.758 Thread 0x000001defa66f710 Exception <a 'java/io/FileNotFoundException'{0x000000008bc175c0}> (0x000000008bc175c0) 
thrown [s\open\src\hotspot\share\prims\jni.cpp, line 520]
Event: 0.857 Thread 0x000001defa66f710 Exception <a 'java/lang/NoSuchMethodError'{0x000000008bcafd90}: 'void java.lang.invoke.DirectMethodHandle$Holder.invokeSpecial(java.lang.Object, java.lang.Object, java.lang.Object)'> (0x000000008bcafd90) 
thrown [s\open\src\hotspot\share\interpreter\linkResolver.cpp, line 774]
Event: 0.866 Thread 0x000001defa66f710 Exception <a 'java/lang/NoSuchMethodError'{0x000000008bcd6170}: 'java.lang.Object java.lang.invoke.DirectMethodHandle$Holder.newInvokeSpecial(java.lang.Object, java.lang.Object, java.lang.Object, java.lang.Object, java.lang.Object)'> (0x000000008bcd6170) 
thrown [s\open\src\hotspot\share\interpreter\linkResolver.cpp, line 774]
Event: 0.870 Thread 0x000001defa66f710 Exception <a 'java/lang/NoSuchMethodError'{0x000000008bb87ca8}: 'java.lang.Object java.lang.invoke.DirectMethodHandle$Holder.invokeStatic(java.lang.Object, int, java.lang.Object)'> (0x000000008bb87ca8) 
thrown [s\open\src\hotspot\share\interpreter\linkResolver.cpp, line 774]
Event: 0.894 Thread 0x000001defa66f710 Exception <a 'java/lang/ClassNotFoundException'{0x000000008ba29c08}: com/sun/swing/internal/plaf/metal/resources/spi/metalProvider> (0x000000008ba29c08) 
thrown [s\open\src\hotspot\share\classfile\systemDictionary.cpp, line 313]
Event: 0.895 Thread 0x000001defa66f710 Exception <a 'java/lang/ClassNotFoundException'{0x000000008ba2dbb8}: com/sun/swing/internal/plaf/basic/resources/spi/basicProvider> (0x000000008ba2dbb8) 
thrown [s\open\src\hotspot\share\classfile\systemDictionary.cpp, line 313]
Event: 0.906 Thread 0x000001defa66f710 Exception <a 'java/lang/NoSuchMethodError'{0x000000008ba4d2a8}: 'int java.lang.invoke.Invokers$Holder.invokeExact_MT(java.lang.Object, java.lang.Object)'> (0x000000008ba4d2a8) 
thrown [s\open\src\hotspot\share\interpreter\linkResolver.cpp, line 774]
Event: 1.036 Thread 0x000001dedf057a20 Exception <a 'java/lang/NoSuchMethodError'{0x000000008b82a2e8}: 'java.lang.Object java.lang.invoke.DirectMethodHandle$Holder.newInvokeSpecial(java.lang.Object, java.lang.Object, java.lang.Object, int, int, int, int, int)'> (0x000000008b82a2e8) 
thrown [s\open\src\hotspot\share\interpreter\linkResolver.cpp, line 774]
Event: 1.104 Thread 0x000001dedf0124d0 Exception <a 'java/lang/NoSuchMethodError'{0x000000008bb0e5d8}: 'void java.lang.invoke.DirectMethodHandle$Holder.invokeVirtual(java.lang.Object, java.lang.Object)'> (0x000000008bb0e5d8) 
thrown [s\open\src\hotspot\share\interpreter\linkResolver.cpp, line 774]
Event: 2.167 Thread 0x000001defa66f710 Exception <a 'java/lang/NoSuchMethodError'{0x000000008ba77460}: 'void java.lang.invoke.DirectMethodHandle$Holder.invokeStaticInit(java.lang.Object)'> (0x000000008ba77460) 
thrown [s\open\src\hotspot\share\interpreter\linkResolver.cpp, line 774]
Event: 6.701 Thread 0x000001dedf142cb0 Exception <a 'sun/java2d/InvalidPipeException'{0x000000008b0955b0}: GDIWindowSurfaceData: bounds changed> (0x000000008b0955b0) 
thrown [s\open\src\hotspot\share\prims\jni.cpp, line 539]

ZGC Phase Switch (0 events):
No events

VM Operations (20 events):
Event: 0.667 Executing VM operation: HandshakeAllThreads (Deoptimize) done
Event: 0.769 Executing VM operation: HandshakeAllThreads (Deoptimize)
Event: 0.769 Executing VM operation: HandshakeAllThreads (Deoptimize) done
Event: 0.964 Executing VM operation: HandshakeAllThreads (Deoptimize)
Event: 0.964 Executing VM operation: HandshakeAllThreads (Deoptimize) done
Event: 1.064 Executing VM operation: HandshakeAllThreads (Deoptimize)
Event: 1.064 Executing VM operation: HandshakeAllThreads (Deoptimize) done
Event: 2.076 Executing VM operation: Cleanup
Event: 2.139 Executing VM operation: Cleanup done
Event: 2.144 Executing VM operation: HandshakeAllThreads (Deoptimize)
Event: 2.144 Executing VM operation: HandshakeAllThreads (Deoptimize) done
Event: 3.144 Executing VM operation: Cleanup
Event: 3.220 Executing VM operation: Cleanup done
Event: 6.238 Executing VM operation: Cleanup
Event: 6.478 Executing VM operation: Cleanup done
Event: 7.483 Executing VM operation: Cleanup
Event: 7.740 Executing VM operation: Cleanup done
Event: 8.745 Executing VM operation: Cleanup
Event: 8.745 Executing VM operation: Cleanup done
Event: 9.759 Executing VM operation: Cleanup

Events (20 events):
Event: 0.593 Thread 0x000001defa66f710 Thread added: 0x000001defa66f710
Event: 0.618 Thread 0x000001deff9d0400 Thread added: 0x000001deff9d0400
Event: 0.618 Thread 0x000001deff9d19d0 Thread added: 0x000001deff9d19d0
Event: 0.618 Thread 0x000001deff9d2fa0 Thread added: 0x000001deff9d2fa0
Event: 0.618 Thread 0x000001deff9d3a00 Thread added: 0x000001deff9d3a00
Event: 0.618 Thread 0x000001deff9d4fd0 Thread added: 0x000001deff9d4fd0
Event: 0.618 Thread 0x000001deff9d85b0 Thread added: 0x000001deff9d85b0
Event: 0.618 Thread 0x000001de995c0080 Thread added: 0x000001de995c0080
Event: 0.619 Thread 0x000001de995c1f40 Thread added: 0x000001de995c1f40
Event: 0.646 Thread 0x000001deff99b550 Thread added: 0x000001deff99b550
Event: 0.677 Thread 0x000001de9981d650 Thread added: 0x000001de9981d650
Event: 0.680 Thread 0x000001de99822d40 Thread added: 0x000001de99822d40
Event: 0.821 Thread 0x000001de999b4b60 Thread added: 0x000001de999b4b60
Event: 0.823 Thread 0x000001dedf00cf80 Thread added: 0x000001dedf00cf80
Event: 0.825 Thread 0x000001dedf0124d0 Thread added: 0x000001dedf0124d0
Event: 0.913 Thread 0x000001dedf057a20 Thread added: 0x000001dedf057a20
Event: 1.098 Thread 0x000001dedf0a3a30 Thread added: 0x000001dedf0a3a30
Event: 1.106 Thread 0x000001dedf142cb0 Thread added: 0x000001dedf142cb0
Event: 5.261 Thread 0x000001de9981d650 Thread exited: 0x000001de9981d650
Event: 6.478 Thread 0x000001dedf057a20 Thread exited: 0x000001dedf057a20


Dynamic libraries:
0x00007ff7848d0000 - 0x00007ff7848e0000 	C:\Program Files\Java\jdk-22\bin\java.exe
0x00007ffd48b60000 - 0x00007ffd48dc3000 	C:\WINDOWS\SYSTEM32\ntdll.dll
0x00007ffd48400000 - 0x00007ffd484c7000 	C:\WINDOWS\System32\KERNEL32.DLL
0x00007ffd46320000 - 0x00007ffd466e7000 	C:\WINDOWS\System32\KERNELBASE.dll
0x00007ffd46050000 - 0x00007ffd4619c000 	C:\WINDOWS\System32\ucrtbase.dll
0x00007ffcfb7e0000 - 0x00007ffcfb7fb000 	C:\Program Files\Java\jdk-22\bin\VCRUNTIME140.dll
0x00007ffd2ddc0000 - 0x00007ffd2ddd7000 	C:\Program Files\Java\jdk-22\bin\jli.dll
0x00007ffd46ae0000 - 0x00007ffd46b94000 	C:\WINDOWS\System32\ADVAPI32.dll
0x00007ffd48860000 - 0x00007ffd48909000 	C:\WINDOWS\System32\msvcrt.dll
0x00007ffd481f0000 - 0x00007ffd48296000 	C:\WINDOWS\System32\sechost.dll
0x00007ffd480d0000 - 0x00007ffd481e6000 	C:\WINDOWS\System32\RPCRT4.dll
0x00007ffd47c30000 - 0x00007ffd47df9000 	C:\WINDOWS\System32\USER32.dll
0x00007ffd46970000 - 0x00007ffd46997000 	C:\WINDOWS\System32\win32u.dll
0x00007ffd47f00000 - 0x00007ffd47f2a000 	C:\WINDOWS\System32\GDI32.dll
0x00007ffd46840000 - 0x00007ffd4696b000 	C:\WINDOWS\System32\gdi32full.dll
0x00007ffd28a50000 - 0x00007ffd28ce0000 	C:\WINDOWS\WinSxS\amd64_microsoft.windows.common-controls_6595b64144ccf1df_6.0.26100.3037_none_3e09262ce333c378\COMCTL32.dll
0x00007ffd45f00000 - 0x00007ffd45fa3000 	C:\WINDOWS\System32\msvcp_win.dll
0x00007ffd3d350000 - 0x00007ffd3d35b000 	C:\WINDOWS\SYSTEM32\VERSION.dll
0x00007ffd48930000 - 0x00007ffd4895f000 	C:\WINDOWS\System32\IMM32.DLL
0x00007ffd3b440000 - 0x00007ffd3b44c000 	C:\Program Files\Java\jdk-22\bin\vcruntime140_1.dll
0x00007ffce7090000 - 0x00007ffce711e000 	C:\Program Files\Java\jdk-22\bin\msvcp140.dll
0x00007ffce2980000 - 0x00007ffce36c7000 	C:\Program Files\Java\jdk-22\bin\server\jvm.dll
0x00007ffd48380000 - 0x00007ffd483f4000 	C:\WINDOWS\System32\WS2_32.dll
0x00007ffd44ba0000 - 0x00007ffd44bee000 	C:\WINDOWS\SYSTEM32\POWRPROF.dll
0x00007ffd38900000 - 0x00007ffd38936000 	C:\WINDOWS\SYSTEM32\WINMM.dll
0x00007ffd44b80000 - 0x00007ffd44b94000 	C:\WINDOWS\SYSTEM32\UMPDC.dll
0x00007ffd44e40000 - 0x00007ffd44e5a000 	C:\WINDOWS\SYSTEM32\kernel.appcore.dll
0x00007ffd3acd0000 - 0x00007ffd3acda000 	C:\Program Files\Java\jdk-22\bin\jimage.dll
0x00007ffd437f0000 - 0x00007ffd43a31000 	C:\WINDOWS\SYSTEM32\DBGHELP.DLL
0x00007ffd47740000 - 0x00007ffd47abe000 	C:\WINDOWS\System32\combase.dll
0x00007ffd482a0000 - 0x00007ffd48376000 	C:\WINDOWS\System32\OLEAUT32.dll
0x00007ffd236d0000 - 0x00007ffd23709000 	C:\WINDOWS\SYSTEM32\dbgcore.DLL
0x00007ffd45fb0000 - 0x00007ffd46049000 	C:\WINDOWS\System32\bcryptPrimitives.dll
0x00007ffcfb5b0000 - 0x00007ffcfb5ce000 	C:\Program Files\Java\jdk-22\bin\java.dll
0x00007ffd47030000 - 0x00007ffd47734000 	C:\WINDOWS\System32\SHELL32.dll
0x00007ffd47f30000 - 0x00007ffd480c5000 	C:\WINDOWS\System32\ole32.dll
0x00007ffd43bf0000 - 0x00007ffd44427000 	C:\WINDOWS\SYSTEM32\windows.storage.dll
0x00007ffd47b30000 - 0x00007ffd47c19000 	C:\WINDOWS\System32\SHCORE.dll
0x00007ffd484d0000 - 0x00007ffd4852d000 	C:\WINDOWS\System32\shlwapi.dll
0x00007ffd45e10000 - 0x00007ffd45e3e000 	C:\WINDOWS\SYSTEM32\profapi.dll
0x00007ffce7870000 - 0x00007ffce7947000 	C:\Program Files\Java\jdk-22\bin\jsvml.dll
0x00007ffd2dcd0000 - 0x00007ffd2dce0000 	C:\Program Files\Java\jdk-22\bin\net.dll
0x00007ffd45350000 - 0x00007ffd453ba000 	C:\WINDOWS\system32\mswsock.dll
0x00007ffcfb2c0000 - 0x00007ffcfb2d6000 	C:\Program Files\Java\jdk-22\bin\nio.dll
0x00007ffcf8500000 - 0x00007ffcf8517000 	C:\Program Files\Java\jdk-22\bin\zip.dll
0x00007ffce6050000 - 0x00007ffce61de000 	C:\Program Files\Java\jdk-22\bin\awt.dll
0x00007ffd42850000 - 0x00007ffd428ec000 	C:\WINDOWS\SYSTEM32\apphelp.dll
0x00007ffd42f10000 - 0x00007ffd42f3e000 	C:\WINDOWS\system32\DWMAPI.DLL
0x00007ffd42990000 - 0x00007ffd42a3d000 	C:\WINDOWS\system32\uxtheme.dll
0x00007ffd02b30000 - 0x00007ffd02c3c000 	C:\WINDOWS\system32\opengl32.dll
0x00007ffd02b00000 - 0x00007ffd02b2d000 	C:\WINDOWS\SYSTEM32\GLU32.dll
0x00007ffd43080000 - 0x00007ffd430c7000 	C:\WINDOWS\SYSTEM32\dxcore.dll
0x00007ffd48970000 - 0x00007ffd48acc000 	C:\WINDOWS\System32\MSCTF.dll
0x00007ffd24980000 - 0x00007ffd249ae000 	C:\Program Files\Java\jdk-22\bin\javajpeg.dll
0x00007ffce5fc0000 - 0x00007ffce6047000 	C:\Program Files\Java\jdk-22\bin\freetype.dll
0x00007ffce5ee0000 - 0x00007ffce5fb7000 	C:\Program Files\Java\jdk-22\bin\fontmanager.dll
0x00007ffd2c920000 - 0x00007ffd2ca66000 	C:\WINDOWS\SYSTEM32\textinputframework.dll
0x00007ffd42590000 - 0x00007ffd426b6000 	C:\WINDOWS\SYSTEM32\CoreMessaging.dll
0x00007ffd3ad60000 - 0x00007ffd3b043000 	C:\WINDOWS\SYSTEM32\CoreUIComponents.dll
0x00007ffd3cb20000 - 0x00007ffd3cc88000 	C:\WINDOWS\SYSTEM32\wintypes.dll
0x00007ffd45610000 - 0x00007ffd4561c000 	C:\WINDOWS\SYSTEM32\CRYPTBASE.DLL

dbghelp: loaded successfully - version: 4.0.5 - missing functions: none
symbol engine: initialized successfully - sym options: 0x614 - pdb path: .;C:\Program Files\Java\jdk-22\bin;C:\WINDOWS\SYSTEM32;C:\WINDOWS\WinSxS\amd64_microsoft.windows.common-controls_6595b64144ccf1df_6.0.26100.3037_none_3e09262ce333c378;C:\Program Files\Java\jdk-22\bin\server

VM Arguments:
jvm_args: -Dfile.encoding=UTF-8 --module-path=C:\Users\shind\OneDrive\Documents\NetBeansProjects\University_Management_System\build\classes 
java_command: university.management.system.Splash
java_class_path (initial): C:\Users\shind\Downloads\Jar-20250211T085957Z-001\Jar\mysql-connector-java-8.0.28.jar;C:\Users\shind\Downloads\Jar-20250211T085957Z-001\Jar\jcalendar-tz-1.3.3-4.jar;C:\Users\shind\Downloads\Jar-20250211T085957Z-001\Jar\rs2xml.jar;C:\Users\shind\OneDrive\Documents\NetBeansProjects\University_Management_System\build\classes
Launcher Type: SUN_STANDARD

[Global flags]
     intx CICompilerCount                          = 4                                         {product} {ergonomic}
     uint ConcGCThreads                            = 3                                         {product} {ergonomic}
     uint G1ConcRefinementThreads                  = 10                                        {product} {ergonomic}
   size_t G1HeapRegionSize                         = 1048576                                   {product} {ergonomic}
   size_t InitialHeapSize                          = 130023424                                 {product} {ergonomic}
   size_t MarkStackSize                            = 4194304                                   {product} {ergonomic}
   size_t MaxHeapSize                              = 2076180480                                {product} {ergonomic}
   size_t MaxNewSize                               = 1245708288                                {product} {ergonomic}
   size_t MinHeapDeltaBytes                        = 1048576                                   {product} {ergonomic}
   size_t MinHeapSize                              = 8388608                                   {product} {ergonomic}
    uintx NonNMethodCodeHeapSize                   = 5839372                                {pd product} {ergonomic}
    uintx NonProfiledCodeHeapSize                  = 122909434                              {pd product} {ergonomic}
    uintx ProfiledCodeHeapSize                     = 122909434                              {pd product} {ergonomic}
    uintx ReservedCodeCacheSize                    = 251658240                              {pd product} {ergonomic}
     bool SegmentedCodeCache                       = true                                      {product} {ergonomic}
   size_t SoftMaxHeapSize                          = 2076180480                             {manageable} {ergonomic}
     bool UseCompressedOops                        = true                           {product lp64_product} {ergonomic}
     bool UseG1GC                                  = true                                      {product} {ergonomic}
     bool UseLargePagesIndividualAllocation        = false                                  {pd product} {ergonomic}

Logging:
Log output configuration:
 #0: stdout all=warning uptime,level,tags foldmultilines=false
 #1: stderr all=off uptime,level,tags foldmultilines=false

Environment Variables:
PATH=C:\oraclexe\app\oracle\product\10.2.0\server\bin;C:\Program Files\Python313\Scripts\;C:\Program Files\Python313\;C:\Program Files\Common Files\Oracle\Java\javapath;C:\Windows\system32;C:\Windows;C:\Windows\System32\Wbem;C:\Windows\System32\WindowsPowerShell\v1.0\;C:\Windows\System32\OpenSSH\;C:\Program Files (x86)\NVIDIA Corporation\PhysX\Common;C:\Program Files\NVIDIA Corporation\NVIDIA NvDLISR;C:\WINDOWS\system32;C:\WINDOWS;C:\WINDOWS\System32\Wbem;C:\WINDOWS\System32\WindowsPowerShell\v1.0\;C:\WINDOWS\System32\OpenSSH\;C:\Program Files\Java\jdk-23\bin;C:\Program Files\MySQL\MySQL Server 8.0\bin;C:\Program Files\nodejs\;C:\Program Files\MySQL\MySQL Shell 8.0\bin\;C:\Users\shind\AppData\Local\Microsoft\WindowsApps;C:\Users\shind\AppData\Roaming\npm;C:\Program Files (x86)\Inno Setup 6;C:\Program Files (x86)\Inno Setup 5;C:\Users\shind\AppData\Local\Programs\mongosh\;C:\Users\shind\AppData\Local\Programs\Microsoft VS Code\bin
USERNAME=shind
OS=Windows_NT
PROCESSOR_IDENTIFIER=Intel64 Family 6 Model 141 Stepping 1, GenuineIntel
TMP=C:\Users\shind\AppData\Local\Temp
TEMP=C:\Users\shind\AppData\Local\Temp




Periodic native trim disabled

---------------  S Y S T E M  ---------------

OS:
 Windows 11 , 64 bit Build 26100 (10.0.26100.3037)
OS uptime: 0 days 0:14 hours
Hyper-V role detected

CPU: total 12 (initial active 12) (6 cores per cpu, 2 threads per core) family 6 model 141 stepping 1 microcode 0x50, cx8, cmov, fxsr, ht, mmx, 3dnowpref, sse, sse2, sse3, ssse3, sse4.1, sse4.2, popcnt, lzcnt, tsc, tscinvbit, avx, avx2, aes, erms, clmul, bmi1, bmi2, adx, avx512f, avx512dq, avx512cd, avx512bw, avx512vl, sha, fma, vzeroupper, avx512_vpopcntdq, avx512_vpclmulqdq, avx512_vaes, avx512_vnni, clflush, clflushopt, clwb, avx512_vbmi2, avx512_vbmi, hv, rdtscp, rdpid, fsrm, gfni, avx512_bitalg, f16c, cet_ibt, cet_ss, avx512_ifma
Processor Information for processor 0
  Max Mhz: 2611, Current Mhz: 1004, Mhz Limit: 2611
Processor Information for processor 1
  Max Mhz: 2611, Current Mhz: 2611, Mhz Limit: 2611
Processor Information for processor 2
  Max Mhz: 2611, Current Mhz: 2611, Mhz Limit: 2611
Processor Information for processor 3
  Max Mhz: 2611, Current Mhz: 2611, Mhz Limit: 2611
Processor Information for processor 4
  Max Mhz: 2611, Current Mhz: 1004, Mhz Limit: 2611
Processor Information for processor 5
  Max Mhz: 2611, Current Mhz: 2611, Mhz Limit: 2611
Processor Information for processor 6
  Max Mhz: 2611, Current Mhz: 1004, Mhz Limit: 2611
Processor Information for processor 7
  Max Mhz: 2611, Current Mhz: 2611, Mhz Limit: 2611
Processor Information for processor 8
  Max Mhz: 2611, Current Mhz: 2611, Mhz Limit: 2611
Processor Information for processor 9
  Max Mhz: 2611, Current Mhz: 1004, Mhz Limit: 2611
Processor Information for processor 10
  Max Mhz: 2611, Current Mhz: 1004, Mhz Limit: 2611
Processor Information for processor 11
  Max Mhz: 2611, Current Mhz: 2611, Mhz Limit: 2611

Memory: 4k page, system-wide physical 7914M (1771M free)
TotalPageFile size 7914M (AvailPageFile size 0M)
current process WorkingSet (physical memory assigned to process): 79M, peak: 79M
current process commit charge ("private bytes"): 220M, peak: 220M

vm_info: Java HotSpot(TM) 64-Bit Server VM (22.0.1+8-16) for windows-amd64 JRE (22.0.1+8-16), built on 2024-03-12T10:33:16Z by "mach5one" with MS VC++ 17.6 (VS2022)

END.
